0 info it worked if it ends with ok
1 verbose cli [ 'node', '/usr/local/bin/npm', 'start' ]
2 info using npm@2.7.5
3 info using node@v0.10.27
4 verbose stack Error: Failed to parse json
4 verbose stack Unexpected token '/' at 8:5
4 verbose stack     /*"start": "(coffee --compile --output ./ --watch ./ &); node app.js",*/
4 verbose stack     ^
4 verbose stack     at parseError (/usr/local/lib/node_modules/npm/node_modules/read-package-json/read-json.js:406:25)
4 verbose stack     at parseJson (/usr/local/lib/node_modules/npm/node_modules/read-package-json/read-json.js:86:51)
4 verbose stack     at /usr/local/lib/node_modules/npm/node_modules/read-package-json/read-json.js:60:33
4 verbose stack     at evalmachine.<anonymous>:266:14
4 verbose stack     at /usr/local/lib/node_modules/npm/node_modules/graceful-fs/graceful-fs.js:102:5
4 verbose stack     at Object.oncomplete (evalmachine.<anonymous>:107:15)
5 verbose cwd /Users/alloret/Documents/Trainning/OTT
6 error Darwin 14.1.0
7 error argv "node" "/usr/local/bin/npm" "start"
8 error node v0.10.27
9 error npm  v2.7.5
10 error file /Users/alloret/Documents/Trainning/OTT/package.json
11 error code EJSONPARSE
12 error Failed to parse json
12 error Unexpected token '/' at 8:5
12 error     /*"start": "(coffee --compile --output ./ --watch ./ &); node app.js",*/
12 error     ^
13 error File: /Users/alloret/Documents/Trainning/OTT/package.json
14 error Failed to parse package.json data.
14 error package.json must be actual JSON, not just JavaScript.
14 error
14 error This is not a bug in npm.
14 error Tell the package author to fix their package.json file. JSON.parse
15 verbose exit [ 1, true ]
